Release 14.7 Map P.20131013 (nt64)
Xilinx Mapping Report File for Design 'typing_tutor'

Design Information
------------------
Command Line   : map -intstyle ise -p xc3s500e-fg320-4 -cm area -ir off -pr off
-c 100 -o typing_tutor_map.ncd typing_tutor.ngd typing_tutor.pcf 
Target Device  : xc3s500e
Target Package : fg320
Target Speed   : -4
Mapper Version : spartan3e -- $Revision: 1.55 $
Mapped Date    : Wed Mar 16 11:47:17 2022

Design Summary
--------------
Number of errors:      0
Number of warnings:    0
Logic Utilization:
  Number of Slice Flip Flops:           558 out of   9,312    5%
  Number of 4 input LUTs:             1,463 out of   9,312   15%
Logic Distribution:
  Number of occupied Slices:            907 out of   4,656   19%
    Number of Slices containing only related logic:     907 out of     907 100%
    Number of Slices containing unrelated logic:          0 out of     907   0%
      *See NOTES below for an explanation of the effects of unrelated logic.
  Total Number of 4 input LUTs:       1,589 out of   9,312   17%
    Number used as logic:             1,460
    Number used as a route-thru:        126
    Number used as Shift registers:       3

  The Slice Logic Distribution report is not meaningful if the design is
  over-mapped for a non-slice resource or if Placement fails.

  Number of bonded IOBs:                 19 out of     232    8%
  Number of RAMB16s:                      3 out of      20   15%
  Number of BUFGMUXs:                     1 out of      24    4%

Average Fanout of Non-Clock Nets:                3.35

Peak Memory Usage:  4419 MB
Total REAL time to MAP completion:  8 secs 
Total CPU time to MAP completion:   4 secs 

NOTES:

   Related logic is defined as being logic that shares connectivity - e.g. two
   LUTs are "related" if they share common inputs.  When assembling slices,
   Map gives priority to combine logic that is related.  Doing so results in
   the best timing performance.

   Unrelated logic shares no connectivity.  Map will only begin packing
   unrelated logic into a slice once 99% of the slices are occupied through
   related logic packing.

   Note that once logic distribution reaches the 99% level through related
   logic packing, this does not mean the device is completely utilized.
   Unrelated logic packing will then begin, continuing until all usable LUTs
   and FFs are occupied.  Depending on your timing budget, increased levels of
   unrelated logic packing may adversely affect the overall timing performance
   of your design.

Table of Contents
-----------------
Section 1 - Errors
Section 2 - Warnings
Section 3 - Informational
Section 4 - Removed Logic Summary
Section 5 - Removed Logic
Section 6 - IOB Properties
Section 7 - RPMs
Section 8 - Guide Report
Section 9 - Area Group and Partition Summary
Section 10 - Timing Report
Section 11 - Configuration String Information
Section 12 - Control Set Information
Section 13 - Utilization by Hierarchy

Section 1 - Errors
------------------

Section 2 - Warnings
--------------------

Section 3 - Informational
-------------------------
INFO:MapLib:562 - No environment variables are currently set.
INFO:LIT:244 - All of the single ended outputs in this design are using slew
   rate limited output drivers. The delay on speed critical single ended outputs
   can be dramatically reduced by designating them as fast outputs.

Section 4 - Removed Logic Summary
---------------------------------
  14 block(s) optimized away

Section 5 - Removed Logic
-------------------------

Optimized Block(s):
TYPE 		BLOCK
LUT2_L 		XLXI_1/XLXI_94/NextState_cmp_ne000812
   optimized to 0
LOCALBUF 		XLXI_1/XLXI_94/NextState_cmp_ne000812/LUT2_L_BUF
LUT2 		XLXI_1/XLXI_94/NextState_cmp_ne000847_G
   optimized to 1
LUT2 		XLXI_1/XLXI_94/NextState_cmp_ne00099
   optimized to 0
LUT4 		XLXI_1/XLXI_94/NextState_cmp_ne001016
   optimized to 0
LUT2_L 		XLXI_1/XLXI_94/NextState_cmp_ne00107
   optimized to 0
LOCALBUF 		XLXI_1/XLXI_94/NextState_cmp_ne00107/LUT2_L_BUF
GND 		XLXI_1/XST_GND
VCC 		XLXI_1/XST_VCC
GND 		XLXI_202
VCC 		XLXI_30

To enable printing of redundant blocks removed and signals merged, set the
detailed map report option and rerun map.

Section 6 - IOB Properties
--------------------------

+---------------------------------------------------------------------------------------------------------------------------------------------------------+
| IOB Name                           | Type             | Direction | IO Standard          | Diff  | Drive    | Slew | Reg (s)      | Resistor | IOB      |
|                                    |                  |           |                      | Term  | Strength | Rate |              |          | Delay    |
+---------------------------------------------------------------------------------------------------------------------------------------------------------+
| Clk_50MHz                          | IBUF             | INPUT     | LVCMOS25             |       |          |      |              |          | 0 / 0    |
| LED<0>                             | IOB              | OUTPUT    | LVCMOS25             |       | 12       | SLOW |              |          | 0 / 0    |
| LED<1>                             | IOB              | OUTPUT    | LVCMOS25             |       | 12       | SLOW |              |          | 0 / 0    |
| LED_7                              | IOB              | OUTPUT    | LVCMOS25             |       | 12       | SLOW |              |          | 0 / 0    |
| SDC_MISO                           | IBUF             | INPUT     | LVCMOS25             |       |          |      |              |          | 0 / 0    |
| SDC_MOSI                           | IOB              | OUTPUT    | LVCMOS25             |       | 12       | SLOW |              |          | 0 / 0    |
| SDC_SCK                            | IOB              | OUTPUT    | LVCMOS25             |       | 12       | SLOW |              |          | 0 / 0    |
| SDC_SS                             | IOB              | OUTPUT    | LVCMOS25             |       | 12       | SLOW |              |          | 0 / 0    |
| START                              | IBUF             | INPUT     | LVCMOS25             |       |          |      |              |          | 0 / 0    |
| STOP                               | IBUF             | INPUT     | LVCMOS25             |       |          |      |              |          | 0 / 0    |
| SW_0                               | IBUF             | INPUT     | LVCMOS25             |       |          |      |              |          | 0 / 0    |
| SW_1                               | IBUF             | INPUT     | LVCMOS25             |       |          |      |              |          | 0 / 0    |
| SW_2                               | IBUF             | INPUT     | LVCMOS25             |       |          |      |              |          | 0 / 0    |
| SW_3                               | IBUF             | INPUT     | LVCMOS25             |       |          |      |              |          | 0 / 0    |
| VGA_B                              | IOB              | OUTPUT    | LVCMOS25             |       | 12       | SLOW |              |          | 0 / 0    |
| VGA_G                              | IOB              | OUTPUT    | LVCMOS25             |       | 12       | SLOW |              |          | 0 / 0    |
| VGA_HS                             | IOB              | OUTPUT    | LVCMOS25             |       | 12       | SLOW |              |          | 0 / 0    |
| VGA_R                              | IOB              | OUTPUT    | LVCMOS25             |       | 12       | SLOW |              |          | 0 / 0    |
| VGA_VS                             | IOB              | OUTPUT    | LVCMOS25             |       | 12       | SLOW |              |          | 0 / 0    |
+---------------------------------------------------------------------------------------------------------------------------------------------------------+

Section 7 - RPMs
----------------

Section 8 - Guide Report
------------------------
Guide not run on this design.

Section 9 - Area Group and Partition Summary
--------------------------------------------

Partition Implementation Status
-------------------------------

  No Partitions were found in this design.

-------------------------------

Area Group Information
----------------------

  No area groups were found in this design.

----------------------

Section 10 - Timing Report
--------------------------
This design was not run using timing mode.

Section 11 - Configuration String Details
-----------------------------------------
Use the "-detail" map option to print out Configuration Strings

Section 12 - Control Set Information
------------------------------------
No control set information for this architecture.

Section 13 - Utilization by Hierarchy
-------------------------------------
Use the "-detail" map option to print out the Utilization by Hierarchy section.
