Command line:
   typing_tutor_isim_beh.exe
     -simmode  gui
     -simrunnum  1
     -socket  61493

Wed Mar 16 12:58:47 2022


 Elaboration Time: 0.140625 sec

 Current Memory Usage: 5163.75 Meg

 Total Signals          : 2255
 Total Nets             : 755
 Total Signal Drivers   : 643
 Total Blocks           : 527
 Total Primitive Blocks : 523
 Total Processes        : 630
 Total Traceable Variables  : 819
 Total Scalar Nets and Variables : 46696
Total Line Count : 2325

 Total Simulation Time: 0.203125 sec

 Current Memory Usage: 5478.33 Meg

Wed Mar 16 12:59:19 2022

